[2014-01-10 15:06:15,233][WARN][treemud.server] test
[2014-01-10 15:07:02,080][INFO][treemud.server] User connected from /127.0.0.1:44694.
[2014-01-10 15:07:21,673][FATAL][treemud.server] User /127.0.0.1:44694 booted by uncought exception. #<ClassCastException java.lang.ClassCastException: java.io.BufferedReader cannot be cast to java.io.PushbackReader>
[2014-01-10 15:07:21,673][INFO][treemud.server] User /127.0.0.1:44694 dismissed.
[2014-01-10 15:12:09,471][INFO][treemud.server] User connected from /127.0.0.1:44695.
[2014-01-10 15:12:16,006][FATAL][treemud.server] User /127.0.0.1:44695 booted by uncought exception.
java.lang.ClassCastException: java.io.BufferedReader cannot be cast to java.io.PushbackReader
	at clojure.core$read.invoke(core.clj:3407)
	at clojure.core$read.invoke(core.clj:3405)
	at clojure.core$read.invoke(core.clj:3403)
	at treemud.account.file$load.invoke(file.clj:33)
	at treemud.account$authorize.invoke(account.clj:32)
	at treemud.nanny$nanny.invoke(nanny.clj:54)
	at treemud.server$user_socket.invoke(server.clj:93)
	at clojure.lang.AFn.applyToHelper(AFn.java:167)
	at clojure.lang.AFn.applyTo(AFn.java:151)
	at clojure.core$apply.invoke(core.clj:617)
	at rielib.utils$launch_thread$fn__2850$fn__2852.invoke(utils.clj:212)
	at rielib.utils$launch_thread$fn__2850.invoke(utils.clj:212)
	at clojure.lang.AFn.run(AFn.java:24)
	at java.lang.Thread.run(Thread.java:744)
[2014-01-10 15:12:16,009][INFO][treemud.server] User /127.0.0.1:44695 dismissed.
[2014-01-10 15:13:06,241][INFO][treemud.server] User connected from /127.0.0.1:44696.
[2014-01-10 15:13:12,979][INFO][treemud.server] Account Login of penguin2774 from /127.0.0.1:44696
[2014-01-10 15:13:15,895][INFO][treemud.server] Account logout of penguin2774 from /127.0.0.1:44696
[2014-01-10 15:13:15,895][FATAL][treemud.server] User /127.0.0.1:44696 booted by uncought exception.
java.lang.ClassCastException: java.io.BufferedReader cannot be cast to java.io.PushbackReader
	at clojure.core$read.invoke(core.clj:3407)
	at clojure.core$read.invoke(core.clj:3405)
	at clojure.core$read.invoke(core.clj:3403)
	at treemud.account.file$load_pc.invoke(file.clj:58)
	at treemud.account.file$load_pcs$fn__3218.invoke(file.clj:68)
	at clojure.core.protocols$fn__6034.invoke(protocols.clj:143)
	at clojure.core.protocols$fn__6005$G__6000__6014.invoke(protocols.clj:19)
	at clojure.core.protocols$seq_reduce.invoke(protocols.clj:31)
	at clojure.core.protocols$fn__6026.invoke(protocols.clj:54)
	at clojure.core.protocols$fn__5979$G__5974__5992.invoke(protocols.clj:13)
	at clojure.core$reduce.invoke(core.clj:6177)
	at treemud.account.file$load_pcs.invoke(file.clj:71)
	at treemud.account.manage$select_character.invoke(manage.clj:70)
	at treemud.account.manage$manage_account.invoke(manage.clj:172)
	at treemud.account$manage.invoke(account.clj:60)
	at treemud.server$user_socket.invoke(server.clj:97)
	at clojure.lang.AFn.applyToHelper(AFn.java:167)
	at clojure.lang.AFn.applyTo(AFn.java:151)
	at clojure.core$apply.invoke(core.clj:617)
	at rielib.utils$launch_thread$fn__2850$fn__2852.invoke(utils.clj:212)
	at rielib.utils$launch_thread$fn__2850.invoke(utils.clj:212)
	at clojure.lang.AFn.run(AFn.java:24)
	at java.lang.Thread.run(Thread.java:744)
[2014-01-10 15:13:15,897][INFO][treemud.server] User /127.0.0.1:44696 dismissed.
[2014-01-10 15:15:21,437][INFO][treemud.server] User connected from /127.0.0.1:44697.
[2014-01-10 15:15:35,829][INFO][treemud.server] Account Login of penguin2774 from /127.0.0.1:44697
[2014-01-10 15:15:39,181][INFO][treemud.server] Account logout of penguin2774 from /127.0.0.1:44697
[2014-01-10 15:15:39,182][FATAL][treemud.server] User /127.0.0.1:44697 booted by uncought exception.
java.lang.NullPointerException
	at clojure.core$deref_future.invoke(core.clj:2108)
	at clojure.core$deref.invoke(core.clj:2129)
	at treemud.world$leave$fn__3200.invoke(world.clj:167)
	at clojure.lang.AFn.call(AFn.java:18)
	at clojure.lang.LockingTransaction.run(LockingTransaction.java:263)
	at clojure.lang.LockingTransaction.runInTransaction(LockingTransaction.java:231)
	at treemud.world$leave.invoke(world.clj:166)
	at treemud.server$user_socket.invoke(server.clj:104)
	at clojure.lang.AFn.applyToHelper(AFn.java:167)
	at clojure.lang.AFn.applyTo(AFn.java:151)
	at clojure.core$apply.invoke(core.clj:617)
	at rielib.utils$launch_thread$fn__2850$fn__2852.invoke(utils.clj:212)
	at rielib.utils$launch_thread$fn__2850.invoke(utils.clj:212)
	at clojure.lang.AFn.run(AFn.java:24)
	at java.lang.Thread.run(Thread.java:744)
[2014-01-10 15:15:39,182][INFO][treemud.server] User /127.0.0.1:44697 dismissed.
[2014-01-10 15:21:59,727][INFO][treemud.server] User connected from /127.0.0.1:44698.
[2014-01-10 15:22:09,630][INFO][treemud.server] Account Login of penguin2774 from /127.0.0.1:44698
[2014-01-10 15:22:12,465][INFO][treemud.server] Character login Riecon from /127.0.0.1:44698
[2014-01-10 15:22:14,404][ERROR][treemud.command.prompt] An error occured for Riecon who typed 'look'. #<IllegalStateException java.lang.IllegalStateException: Can't dynamically bind non-dynamic var: treemud.event/*user*>
[2014-01-10 15:23:37,778][ERROR][treemud.command.prompt] An error occured for Riecon who typed 'look'. #<IllegalStateException java.lang.IllegalStateException: Can't dynamically bind non-dynamic var: treemud.event/*user*>
[2014-01-10 15:23:46,708][INFO][treemud.server] Character logout of Riecon from /127.0.0.1:44698
[2014-01-10 15:23:46,709][INFO][treemud.server] Account logout of penguin2774 from /127.0.0.1:44698
[2014-01-10 15:23:46,709][INFO][treemud.server] User /127.0.0.1:44698 dismissed.
[2014-01-10 15:23:50,032][INFO][treemud.server] User connected from /127.0.0.1:44699.
[2014-01-10 15:23:56,679][INFO][treemud.server] Account Login of penguin2774 from /127.0.0.1:44699
[2014-01-10 15:24:00,194][INFO][treemud.server] Character login Riecon from /127.0.0.1:44699
[2014-01-10 15:24:02,393][ERROR][treemud.command.prompt] An error occured for Riecon who typed 'look'.
java.lang.IllegalStateException: Can't dynamically bind non-dynamic var: treemud.event/*user*
	at clojure.lang.Var.pushThreadBindings(Var.java:353)
	at clojure.core$push_thread_bindings.invoke(core.clj:1735)
	at clojure.core$with_bindings_STAR_.doInvoke(core.clj:1786)
	at clojure.lang.RestFn.invoke(RestFn.java:425)
	at treemud.event$act.doInvoke(event.clj:43)
	at clojure.lang.RestFn.invoke(RestFn.java:445)
	at clojure.lang.AFn.applyToHelper(AFn.java:167)
	at clojure.lang.RestFn.applyTo(RestFn.java:132)
	at clojure.core$apply.invoke(core.clj:623)
	at treemud.event$act.doInvoke(event.clj:50)
	at clojure.lang.RestFn.invoke(RestFn.java:445)
	at treemud.act.sense$look.invoke(sense.clj:29)
	at treemud.command.sense$do_look.invoke(sense.clj:27)
	at clojure.lang.AFn.applyToHelper(AFn.java:163)
	at clojure.lang.AFn.applyTo(AFn.java:151)
	at clojure.core$apply.invoke(core.clj:619)
	at treemud.command.prompt$run_command.invoke(prompt.clj:29)
	at treemud.command.prompt$command_prompt$fn__4002.invoke(form-init5336345293087327699.clj:12)
	at treemud.command.prompt$command_prompt.invoke(form-init5336345293087327699.clj:11)
	at treemud.command$prompt.invoke(command.clj:24)
	at treemud.server$user_socket.invoke(server.clj:102)
	at clojure.lang.AFn.applyToHelper(AFn.java:167)
	at clojure.lang.AFn.applyTo(AFn.java:151)
	at clojure.core$apply.invoke(core.clj:617)
	at rielib.utils$launch_thread$fn__2850$fn__2852.invoke(utils.clj:212)
	at rielib.utils$launch_thread$fn__2850.invoke(utils.clj:212)
	at clojure.lang.AFn.run(AFn.java:24)
	at java.lang.Thread.run(Thread.java:744)
[2014-01-10 15:27:29,623][INFO][treemud.server] Character logout of Riecon from /127.0.0.1:44699
[2014-01-10 15:27:29,623][INFO][treemud.server] Account logout of penguin2774 from /127.0.0.1:44699
[2014-01-10 15:27:29,623][INFO][treemud.server] User /127.0.0.1:44699 dismissed.
[2014-01-10 15:27:35,747][INFO][treemud.server] User connected from /127.0.0.1:44747.
[2014-01-10 15:27:42,713][INFO][treemud.server] Account Login of penguin2774 from /127.0.0.1:44747
[2014-01-10 15:27:44,883][INFO][treemud.server] Character login Riecon from /127.0.0.1:44747
[2014-01-10 15:27:46,151][ERROR][treemud.command.prompt] An error occured for Riecon who typed 'look'.
java.lang.IllegalArgumentException: event/tellln must be called from within a event handler.
[2014-01-10 15:30:32,398][INFO][treemud.server] Character logout of Riecon from /127.0.0.1:44747
[2014-01-10 15:30:32,398][INFO][treemud.server] Account logout of penguin2774 from /127.0.0.1:44747
[2014-01-10 15:30:32,399][INFO][treemud.server] User /127.0.0.1:44747 dismissed.
[2014-01-10 15:30:35,515][INFO][treemud.server] User connected from /127.0.0.1:44750.
[2014-01-10 15:30:47,634][INFO][treemud.server] Account Login of penguin2774 from /127.0.0.1:44750
[2014-01-10 15:30:50,368][INFO][treemud.server] Character login Riecon from /127.0.0.1:44750
[2014-01-10 15:30:52,071][ERROR][treemud.command.prompt] An error occured for Riecon who typed 'look'.
java.lang.IllegalArgumentException: event/tellln must be called from within a event handler.
[2014-01-10 15:34:08,882][INFO][treemud.server] User connected from /127.0.0.1:44753.
[2014-01-10 15:34:16,848][INFO][treemud.server] Account Login of penguin2774 from /127.0.0.1:44753
[2014-01-10 15:34:19,220][INFO][treemud.server] Character login Riecon from /127.0.0.1:44753
[2014-01-10 15:34:22,102][ERROR][treemud.command.prompt] An error occured for Riecon who typed 'look'.
java.util.IllegalFormatConversionException: c != java.lang.Long
	at java.util.Formatter$FormatSpecifier.failConversion(Formatter.java:4045)
	at java.util.Formatter$FormatSpecifier.printCharacter(Formatter.java:2821)
	at java.util.Formatter$FormatSpecifier.print(Formatter.java:2712)
	at java.util.Formatter.format(Formatter.java:2488)
	at java.util.Formatter.format(Formatter.java:2423)
	at java.lang.String.format(String.java:2797)
	at clojure.core$format.doInvoke(core.clj:5178)
	at clojure.lang.RestFn.invoke(RestFn.java:439)
	at treemud.utils.color$eval1451$code__1453.doInvoke(color.clj:109)
	at clojure.lang.RestFn.applyTo(RestFn.java:139)
	at clojure.core$apply.invoke(core.clj:617)
	at treemud.utils.color$color_str.doInvoke(color.clj:116)
	at clojure.lang.RestFn.invoke(RestFn.java:436)
	at treemud.command.sense$eval2296$fn__2271__auto____2297$fn__2298.invoke(sense.clj:43)
	at clojure.lang.AFn.call(AFn.java:18)
	at clojure.lang.LockingTransaction.run(LockingTransaction.java:263)
	at clojure.lang.LockingTransaction.runInTransaction(LockingTransaction.java:231)
	at treemud.command.sense$eval2296$fn__2271__auto____2297.invoke(sense.clj:36)
	at clojure.lang.AFn.applyToHelper(AFn.java:163)
	at clojure.lang.AFn.applyTo(AFn.java:151)
	at clojure.core$apply.invoke(core.clj:621)
	at treemud.event.soul$eval1924$pc_soul__1925.doInvoke(soul.clj:21)
	at clojure.lang.RestFn.invoke(RestFn.java:445)
	at clojure.lang.AFn.applyToHelper(AFn.java:167)
	at clojure.lang.RestFn.applyTo(RestFn.java:132)
	at clojure.core$apply.invoke(core.clj:623)
	at treemud.event$act$fn__2250.invoke(event.clj:45)
	at clojure.lang.AFn.applyToHelper(AFn.java:159)
	at clojure.lang.AFn.applyTo(AFn.java:151)
	at clojure.core$apply.invoke(core.clj:617)
	at clojure.core$with_bindings_STAR_.doInvoke(core.clj:1788)
	at clojure.lang.RestFn.invoke(RestFn.java:425)
	at treemud.event$act.doInvoke(event.clj:43)
	at clojure.lang.RestFn.invoke(RestFn.java:445)
	at clojure.lang.AFn.applyToHelper(AFn.java:167)
	at clojure.lang.RestFn.applyTo(RestFn.java:132)
	at clojure.core$apply.invoke(core.clj:623)
	at treemud.event$act.doInvoke(event.clj:50)
	at clojure.lang.RestFn.invoke(RestFn.java:445)
	at treemud.act.sense$look.invoke(sense.clj:29)
	at treemud.command.sense$do_look.invoke(sense.clj:27)
	at clojure.lang.AFn.applyToHelper(AFn.java:163)
	at clojure.lang.AFn.applyTo(AFn.java:151)
	at clojure.core$apply.invoke(core.clj:619)
	at treemud.command.prompt$run_command.invoke(prompt.clj:29)
	at treemud.command.prompt$command_prompt$fn__2331.invoke(prompt.clj:45)
	at treemud.command.prompt$command_prompt.invoke(prompt.clj:44)
	at treemud.command$prompt.invoke(command.clj:24)
	at treemud.server$user_socket.invoke(server.clj:102)
	at clojure.lang.AFn.applyToHelper(AFn.java:167)
	at clojure.lang.AFn.applyTo(AFn.java:151)
	at clojure.core$apply.invoke(core.clj:617)
	at rielib.utils$launch_thread$fn__1653$fn__1655.invoke(utils.clj:212)
	at rielib.utils$launch_thread$fn__1653.invoke(utils.clj:212)
	at clojure.lang.AFn.run(AFn.java:24)
	at java.lang.Thread.run(Thread.java:744)
[2014-01-10 15:36:04,507][ERROR][treemud.command.prompt] An error occured for Riecon who typed 'look'.
java.util.IllegalFormatConversionException: c != java.lang.Long
	at java.util.Formatter$FormatSpecifier.failConversion(Formatter.java:4045)
	at java.util.Formatter$FormatSpecifier.printCharacter(Formatter.java:2821)
	at java.util.Formatter$FormatSpecifier.print(Formatter.java:2712)
	at java.util.Formatter.format(Formatter.java:2488)
	at java.util.Formatter.format(Formatter.java:2423)
	at java.lang.String.format(String.java:2797)
	at clojure.core$format.doInvoke(core.clj:5178)
	at clojure.lang.RestFn.invoke(RestFn.java:439)
	at treemud.utils.color$eval2443$code__2445.doInvoke(form-init2176698014531535298.clj:64)
	at clojure.lang.RestFn.applyTo(RestFn.java:139)
	at clojure.core$apply.invoke(core.clj:617)
	at treemud.utils.color$color_str.doInvoke(color.clj:116)
	at clojure.lang.RestFn.invoke(RestFn.java:436)
	at treemud.command.sense$eval2296$fn__2271__auto____2297$fn__2298.invoke(sense.clj:43)
	at clojure.lang.AFn.call(AFn.java:18)
	at clojure.lang.LockingTransaction.run(LockingTransaction.java:263)
	at clojure.lang.LockingTransaction.runInTransaction(LockingTransaction.java:231)
	at treemud.command.sense$eval2296$fn__2271__auto____2297.invoke(sense.clj:36)
	at clojure.lang.AFn.applyToHelper(AFn.java:163)
	at clojure.lang.AFn.applyTo(AFn.java:151)
	at clojure.core$apply.invoke(core.clj:621)
	at treemud.event.soul$eval1924$pc_soul__1925.doInvoke(soul.clj:21)
	at clojure.lang.RestFn.invoke(RestFn.java:445)
	at clojure.lang.AFn.applyToHelper(AFn.java:167)
	at clojure.lang.RestFn.applyTo(RestFn.java:132)
	at clojure.core$apply.invoke(core.clj:623)
	at treemud.event$act$fn__2250.invoke(event.clj:45)
	at clojure.lang.AFn.applyToHelper(AFn.java:159)
	at clojure.lang.AFn.applyTo(AFn.java:151)
	at clojure.core$apply.invoke(core.clj:617)
	at clojure.core$with_bindings_STAR_.doInvoke(core.clj:1788)
	at clojure.lang.RestFn.invoke(RestFn.java:425)
	at treemud.event$act.doInvoke(event.clj:43)
	at clojure.lang.RestFn.invoke(RestFn.java:445)
	at clojure.lang.AFn.applyToHelper(AFn.java:167)
	at clojure.lang.RestFn.applyTo(RestFn.java:132)
	at clojure.core$apply.invoke(core.clj:623)
	at treemud.event$act.doInvoke(event.clj:50)
	at clojure.lang.RestFn.invoke(RestFn.java:445)
	at treemud.act.sense$look.invoke(sense.clj:29)
	at treemud.command.sense$do_look.invoke(sense.clj:27)
	at clojure.lang.AFn.applyToHelper(AFn.java:163)
	at clojure.lang.AFn.applyTo(AFn.java:151)
	at clojure.core$apply.invoke(core.clj:619)
	at treemud.command.prompt$run_command.invoke(prompt.clj:29)
	at treemud.command.prompt$command_prompt$fn__2331.invoke(prompt.clj:45)
	at treemud.command.prompt$command_prompt.invoke(prompt.clj:44)
	at treemud.command$prompt.invoke(command.clj:24)
	at treemud.server$user_socket.invoke(server.clj:102)
	at clojure.lang.AFn.applyToHelper(AFn.java:167)
	at clojure.lang.AFn.applyTo(AFn.java:151)
	at clojure.core$apply.invoke(core.clj:617)
	at rielib.utils$launch_thread$fn__1653$fn__1655.invoke(utils.clj:212)
	at rielib.utils$launch_thread$fn__1653.invoke(utils.clj:212)
	at clojure.lang.AFn.run(AFn.java:24)
	at java.lang.Thread.run(Thread.java:744)
[2014-01-10 15:37:06,403][ERROR][treemud.command.prompt] An error occured for Riecon who typed 'look'.
java.util.IllegalFormatConversionException: c != java.lang.Long
	at java.util.Formatter$FormatSpecifier.failConversion(Formatter.java:4045)
	at java.util.Formatter$FormatSpecifier.printCharacter(Formatter.java:2821)
	at java.util.Formatter$FormatSpecifier.print(Formatter.java:2712)
	at java.util.Formatter.format(Formatter.java:2488)
	at java.util.Formatter.format(Formatter.java:2423)
	at java.lang.String.format(String.java:2797)
	at clojure.core$format.doInvoke(core.clj:5178)
	at clojure.lang.RestFn.invoke(RestFn.java:439)
	at treemud.utils.color$eval2443$code__2445.doInvoke(form-init2176698014531535298.clj:64)
	at clojure.lang.RestFn.applyTo(RestFn.java:139)
	at clojure.core$apply.invoke(core.clj:617)
	at treemud.utils.color$color_str.doInvoke(color.clj:116)
	at clojure.lang.RestFn.invoke(RestFn.java:436)
	at treemud.command.sense$eval2296$fn__2271__auto____2297$fn__2298.invoke(sense.clj:43)
	at clojure.lang.AFn.call(AFn.java:18)
	at clojure.lang.LockingTransaction.run(LockingTransaction.java:263)
	at clojure.lang.LockingTransaction.runInTransaction(LockingTransaction.java:231)
	at treemud.command.sense$eval2296$fn__2271__auto____2297.invoke(sense.clj:36)
	at clojure.lang.AFn.applyToHelper(AFn.java:163)
	at clojure.lang.AFn.applyTo(AFn.java:151)
	at clojure.core$apply.invoke(core.clj:621)
	at treemud.event.soul$eval1924$pc_soul__1925.doInvoke(soul.clj:21)
	at clojure.lang.RestFn.invoke(RestFn.java:445)
	at clojure.lang.AFn.applyToHelper(AFn.java:167)
	at clojure.lang.RestFn.applyTo(RestFn.java:132)
	at clojure.core$apply.invoke(core.clj:623)
	at treemud.event$act$fn__2250.invoke(event.clj:45)
	at clojure.lang.AFn.applyToHelper(AFn.java:159)
	at clojure.lang.AFn.applyTo(AFn.java:151)
	at clojure.core$apply.invoke(core.clj:617)
	at clojure.core$with_bindings_STAR_.doInvoke(core.clj:1788)
	at clojure.lang.RestFn.invoke(RestFn.java:425)
	at treemud.event$act.doInvoke(event.clj:43)
	at clojure.lang.RestFn.invoke(RestFn.java:445)
	at clojure.lang.AFn.applyToHelper(AFn.java:167)
	at clojure.lang.RestFn.applyTo(RestFn.java:132)
	at clojure.core$apply.invoke(core.clj:623)
	at treemud.event$act.doInvoke(event.clj:50)
	at clojure.lang.RestFn.invoke(RestFn.java:445)
	at treemud.act.sense$look.invoke(sense.clj:29)
	at treemud.command.sense$do_look.invoke(sense.clj:27)
	at clojure.lang.AFn.applyToHelper(AFn.java:163)
	at clojure.lang.AFn.applyTo(AFn.java:151)
	at clojure.core$apply.invoke(core.clj:619)
	at treemud.command.prompt$run_command.invoke(prompt.clj:29)
	at treemud.command.prompt$command_prompt$fn__2331.invoke(prompt.clj:45)
	at treemud.command.prompt$command_prompt.invoke(prompt.clj:44)
	at treemud.command$prompt.invoke(command.clj:24)
	at treemud.server$user_socket.invoke(server.clj:102)
	at clojure.lang.AFn.applyToHelper(AFn.java:167)
	at clojure.lang.AFn.applyTo(AFn.java:151)
	at clojure.core$apply.invoke(core.clj:617)
	at rielib.utils$launch_thread$fn__1653$fn__1655.invoke(utils.clj:212)
	at rielib.utils$launch_thread$fn__1653.invoke(utils.clj:212)
	at clojure.lang.AFn.run(AFn.java:24)
	at java.lang.Thread.run(Thread.java:744)
[2014-01-10 15:37:51,546][ERROR][treemud.command.prompt] An error occured for Riecon who typed 'look'.
java.util.IllegalFormatConversionException: c != java.lang.Long
	at java.util.Formatter$FormatSpecifier.failConversion(Formatter.java:4045)
	at java.util.Formatter$FormatSpecifier.printCharacter(Formatter.java:2821)
	at java.util.Formatter$FormatSpecifier.print(Formatter.java:2712)
	at java.util.Formatter.format(Formatter.java:2488)
	at java.util.Formatter.format(Formatter.java:2423)
	at java.lang.String.format(String.java:2797)
	at clojure.core$format.doInvoke(core.clj:5178)
	at clojure.lang.RestFn.invoke(RestFn.java:439)
	at treemud.utils.color$eval2464$code__2466.doInvoke(color.clj:109)
	at clojure.lang.RestFn.applyTo(RestFn.java:139)
	at clojure.core$apply.invoke(core.clj:617)
	at treemud.utils.color$color_str.doInvoke(color.clj:116)
	at clojure.lang.RestFn.invoke(RestFn.java:436)
	at treemud.command.sense$eval2296$fn__2271__auto____2297$fn__2298.invoke(sense.clj:43)
	at clojure.lang.AFn.call(AFn.java:18)
	at clojure.lang.LockingTransaction.run(LockingTransaction.java:263)
	at clojure.lang.LockingTransaction.runInTransaction(LockingTransaction.java:231)
	at treemud.command.sense$eval2296$fn__2271__auto____2297.invoke(sense.clj:36)
	at clojure.lang.AFn.applyToHelper(AFn.java:163)
	at clojure.lang.AFn.applyTo(AFn.java:151)
	at clojure.core$apply.invoke(core.clj:621)
	at treemud.event.soul$eval1924$pc_soul__1925.doInvoke(soul.clj:21)
	at clojure.lang.RestFn.invoke(RestFn.java:445)
	at clojure.lang.AFn.applyToHelper(AFn.java:167)
	at clojure.lang.RestFn.applyTo(RestFn.java:132)
	at clojure.core$apply.invoke(core.clj:623)
	at treemud.event$act$fn__2250.invoke(event.clj:45)
	at clojure.lang.AFn.applyToHelper(AFn.java:159)
	at clojure.lang.AFn.applyTo(AFn.java:151)
	at clojure.core$apply.invoke(core.clj:617)
	at clojure.core$with_bindings_STAR_.doInvoke(core.clj:1788)
	at clojure.lang.RestFn.invoke(RestFn.java:425)
	at treemud.event$act.doInvoke(event.clj:43)
	at clojure.lang.RestFn.invoke(RestFn.java:445)
	at clojure.lang.AFn.applyToHelper(AFn.java:167)
	at clojure.lang.RestFn.applyTo(RestFn.java:132)
	at clojure.core$apply.invoke(core.clj:623)
	at treemud.event$act.doInvoke(event.clj:50)
	at clojure.lang.RestFn.invoke(RestFn.java:445)
	at treemud.act.sense$look.invoke(sense.clj:29)
	at treemud.command.sense$do_look.invoke(sense.clj:27)
	at clojure.lang.AFn.applyToHelper(AFn.java:163)
	at clojure.lang.AFn.applyTo(AFn.java:151)
	at clojure.core$apply.invoke(core.clj:619)
	at treemud.command.prompt$run_command.invoke(prompt.clj:29)
	at treemud.command.prompt$command_prompt$fn__2331.invoke(prompt.clj:45)
	at treemud.command.prompt$command_prompt.invoke(prompt.clj:44)
	at treemud.command$prompt.invoke(command.clj:24)
	at treemud.server$user_socket.invoke(server.clj:102)
	at clojure.lang.AFn.applyToHelper(AFn.java:167)
	at clojure.lang.AFn.applyTo(AFn.java:151)
	at clojure.core$apply.invoke(core.clj:617)
	at rielib.utils$launch_thread$fn__1653$fn__1655.invoke(utils.clj:212)
	at rielib.utils$launch_thread$fn__1653.invoke(utils.clj:212)
	at clojure.lang.AFn.run(AFn.java:24)
	at java.lang.Thread.run(Thread.java:744)
[2014-01-10 15:39:47,440][INFO][treemud.server] Character logout of Riecon from /127.0.0.1:44753
[2014-01-10 15:39:47,440][INFO][treemud.server] Account logout of penguin2774 from /127.0.0.1:44753
[2014-01-10 15:39:47,441][INFO][treemud.server] User disconnected from /127.0.0.1:44753.
[2014-01-10 15:39:47,441][INFO][treemud.server] User /127.0.0.1:44753 dismissed.
[2014-01-10 15:42:57,430][INFO][treemud.server] User connected from /127.0.0.1:44809.
[2014-01-10 15:43:06,166][INFO][treemud.server] Account Login of penguin2774 from /127.0.0.1:44809
[2014-01-10 15:43:08,264][INFO][treemud.server] Character login Riecon from /127.0.0.1:44809
[2014-01-10 15:59:02,133][ERROR][treemud.command.prompt] An error occured for Riecon who typed 'get tree'.
java.lang.RuntimeException: obj is not in the same place as ch
[2014-01-11 12:44:55,090][INFO][treemud.server] User connected from /127.0.0.1:41904.
[2014-01-11 12:45:17,264][INFO][treemud.server] Account Login of penguin2774 from /127.0.0.1:41904
[2014-01-11 12:45:20,287][INFO][treemud.server] Character login Riecon from /127.0.0.1:41904
[2014-01-11 13:02:38,611][INFO][treemud.server] User connected from /127.0.0.1:42159.
[2014-01-11 13:02:59,917][INFO][treemud.server] Account Login of penguin2774 from /127.0.0.1:42159
[2014-01-11 13:03:01,835][INFO][treemud.server] Character login Riecon from /127.0.0.1:42159
[2014-01-11 13:03:05,002][ERROR][treemud.command.prompt] An error occured for Riecon who typed 'inv'.
java.lang.Exception: Don't know how to get an object from '{:name "lump of clay", :short "a small lump of clay", :long "A small lump of clay lays abandon here.", :location consts/default-room}'
	at treemud.world$to_obj.invoke(world.clj:77)
	at treemud.world.object$short.invoke(object.clj:42)
	at treemud.command.inventory$eval2578$fn__2267__auto____2579$fn__2580.invoke(inventory.clj:88)
	at clojure.core$map$fn__4207.invoke(core.clj:2487)
	at clojure.lang.LazySeq.sval(LazySeq.java:42)
	at clojure.lang.LazySeq.seq(LazySeq.java:60)
	at clojure.lang.RT.seq(RT.java:484)
	at clojure.core$seq.invoke(core.clj:133)
	at clojure.core$interleave$fn__4525.invoke(core.clj:3901)
	at clojure.lang.LazySeq.sval(LazySeq.java:42)
	at clojure.lang.LazySeq.seq(LazySeq.java:60)
	at clojure.lang.RT.seq(RT.java:484)
	at clojure.core$seq.invoke(core.clj:133)
	at clojure.core$drop$step__4240.invoke(core.clj:2574)
	at clojure.core$drop$fn__4243.invoke(core.clj:2578)
	at clojure.lang.LazySeq.sval(LazySeq.java:42)
	at clojure.lang.LazySeq.seq(LazySeq.java:60)
	at clojure.lang.RT.seq(RT.java:484)
	at clojure.core$seq.invoke(core.clj:133)
	at clojure.core$apply.invoke(core.clj:617)
	at treemud.command.inventory$eval2578$fn__2267__auto____2579.invoke(inventory.clj:89)
	at clojure.lang.AFn.applyToHelper(AFn.java:163)
	at clojure.lang.AFn.applyTo(AFn.java:151)
	at clojure.core$apply.invoke(core.clj:621)
	at treemud.event.soul$eval1920$pc_soul__1921.doInvoke(soul.clj:21)
	at clojure.lang.RestFn.invoke(RestFn.java:445)
	at clojure.lang.AFn.applyToHelper(AFn.java:167)
	at clojure.lang.RestFn.applyTo(RestFn.java:132)
	at clojure.core$apply.invoke(core.clj:623)
	at treemud.event$act$fn__2246.invoke(event.clj:45)
	at clojure.lang.AFn.applyToHelper(AFn.java:159)
	at clojure.lang.AFn.applyTo(AFn.java:151)
	at clojure.core$apply.invoke(core.clj:617)
	at clojure.core$with_bindings_STAR_.doInvoke(core.clj:1788)
	at clojure.lang.RestFn.invoke(RestFn.java:425)
	at treemud.event$act.doInvoke(event.clj:43)
	at clojure.lang.RestFn.invoke(RestFn.java:445)
	at treemud.act.inventory$examin.invoke(inventory.clj:63)
	at treemud.command.inventory$do_inventory.invoke(inventory.clj:53)
	at clojure.lang.AFn.applyToHelper(AFn.java:163)
	at clojure.lang.AFn.applyTo(AFn.java:151)
	at clojure.core$apply.invoke(core.clj:619)
	at treemud.command.prompt$run_command.invoke(prompt.clj:29)
	at treemud.command.prompt$command_prompt$fn__2327.invoke(prompt.clj:45)
	at treemud.command.prompt$command_prompt.invoke(prompt.clj:44)
	at treemud.command$prompt.invoke(command.clj:24)
	at treemud.server$user_socket.invoke(server.clj:102)
	at clojure.lang.AFn.applyToHelper(AFn.java:167)
	at clojure.lang.AFn.applyTo(AFn.java:151)
	at clojure.core$apply.invoke(core.clj:617)
	at rielib.utils$launch_thread$fn__1649$fn__1651.invoke(utils.clj:212)
	at rielib.utils$launch_thread$fn__1649.invoke(utils.clj:212)
	at clojure.lang.AFn.run(AFn.java:24)
	at java.lang.Thread.run(Thread.java:744)
[2014-01-11 13:48:05,318][ERROR][treemud.command.prompt] An error occured for Riecon who typed 'look'.
java.lang.IllegalArgumentException: ch must be a mobile.
[2014-01-11 13:48:28,319][INFO][treemud.server] Character logout of Riecon from /127.0.0.1:42159
[2014-01-11 13:48:28,319][INFO][treemud.server] Account logout of penguin2774 from /127.0.0.1:42159
[2014-01-11 13:48:28,319][INFO][treemud.server] User disconnected from /127.0.0.1:42159.
[2014-01-11 13:48:28,319][INFO][treemud.server] User /127.0.0.1:42159 dismissed.
[2014-01-11 13:48:28,328][INFO][treemud.server] User connected from /127.0.0.1:42751.
[2014-01-11 13:48:39,690][INFO][treemud.server] Account Login of penguin2774 from /127.0.0.1:42751
[2014-01-11 13:48:41,324][INFO][treemud.server] Character login Riecon from /127.0.0.1:42751
[2014-01-11 13:48:44,275][ERROR][treemud.command.prompt] An error occured for Riecon who typed 's'.
java.lang.NullPointerException
	at clojure.core$deref_future.invoke(core.clj:2108)
	at clojure.core$deref.invoke(core.clj:2129)
	at treemud.world.object$contents$fn__2225.invoke(object.clj:24)
	at clojure.core$map$fn__4207.invoke(core.clj:2487)
	at clojure.lang.LazySeq.sval(LazySeq.java:42)
	at clojure.lang.LazySeq.seq(LazySeq.java:60)
	at clojure.lang.RT.seq(RT.java:484)
	at clojure.core$seq.invoke(core.clj:133)
	at clojure.core$filter$fn__4226.invoke(core.clj:2523)
	at clojure.lang.LazySeq.sval(LazySeq.java:42)
	at clojure.lang.LazySeq.seq(LazySeq.java:60)
	at clojure.lang.RT.seq(RT.java:484)
	at clojure.core$seq.invoke(core.clj:133)
	at treemud.event$act.doInvoke(event.clj:49)
	at clojure.lang.RestFn.invoke(RestFn.java:467)
	at treemud.act.movement$move.invoke(movement.clj:49)
	at treemud.command.movement$do_move.invoke(movement.clj:42)
	at clojure.lang.AFn.applyToHelper(AFn.java:163)
	at clojure.lang.AFn.applyTo(AFn.java:151)
	at clojure.core$apply.invoke(core.clj:619)
	at treemud.command.prompt$run_command.invoke(prompt.clj:29)
	at treemud.command.prompt$command_prompt$fn__2327.invoke(prompt.clj:45)
	at treemud.command.prompt$command_prompt.invoke(prompt.clj:44)
	at treemud.command$prompt.invoke(command.clj:24)
	at treemud.server$user_socket.invoke(server.clj:102)
	at clojure.lang.AFn.applyToHelper(AFn.java:167)
	at clojure.lang.AFn.applyTo(AFn.java:151)
	at clojure.core$apply.invoke(core.clj:617)
	at rielib.utils$launch_thread$fn__1649$fn__1651.invoke(utils.clj:212)
	at rielib.utils$launch_thread$fn__1649.invoke(utils.clj:212)
	at clojure.lang.AFn.run(AFn.java:24)
	at java.lang.Thread.run(Thread.java:744)
[2014-01-11 13:48:48,421][ERROR][treemud.command.prompt] An error occured for Riecon who typed 'look'.
java.lang.NullPointerException
	at clojure.core$deref_future.invoke(core.clj:2108)
	at clojure.core$deref.invoke(core.clj:2129)
	at treemud.world.object$contents$fn__2225.invoke(object.clj:24)
	at clojure.core$map$fn__4207.invoke(core.clj:2487)
	at clojure.lang.LazySeq.sval(LazySeq.java:42)
	at clojure.lang.LazySeq.seq(LazySeq.java:60)
	at clojure.lang.RT.seq(RT.java:484)
	at clojure.core$seq.invoke(core.clj:133)
	at clojure.core$filter$fn__4226.invoke(core.clj:2523)
	at clojure.lang.LazySeq.sval(LazySeq.java:42)
	at clojure.lang.LazySeq.seq(LazySeq.java:60)
	at clojure.lang.RT.seq(RT.java:484)
	at clojure.core$seq.invoke(core.clj:133)
	at treemud.event$act.doInvoke(event.clj:49)
	at clojure.lang.RestFn.invoke(RestFn.java:445)
	at treemud.act.sense$look.invoke(sense.clj:29)
	at treemud.command.sense$do_look.invoke(sense.clj:27)
	at clojure.lang.AFn.applyToHelper(AFn.java:163)
	at clojure.lang.AFn.applyTo(AFn.java:151)
	at clojure.core$apply.invoke(core.clj:619)
	at treemud.command.prompt$run_command.invoke(prompt.clj:29)
	at treemud.command.prompt$command_prompt$fn__2327.invoke(prompt.clj:45)
	at treemud.command.prompt$command_prompt.invoke(prompt.clj:44)
	at treemud.command$prompt.invoke(command.clj:24)
	at treemud.server$user_socket.invoke(server.clj:102)
	at clojure.lang.AFn.applyToHelper(AFn.java:167)
	at clojure.lang.AFn.applyTo(AFn.java:151)
	at clojure.core$apply.invoke(core.clj:617)
	at rielib.utils$launch_thread$fn__1649$fn__1651.invoke(utils.clj:212)
	at rielib.utils$launch_thread$fn__1649.invoke(utils.clj:212)
	at clojure.lang.AFn.run(AFn.java:24)
	at java.lang.Thread.run(Thread.java:744)
[2014-01-11 13:54:01,854][ERROR][treemud.command.prompt] An error occured for Riecon who typed 'look'.
java.lang.IllegalArgumentException: ch must be a mobile.
[2014-01-11 13:54:07,965][INFO][treemud.server] Character logout of Riecon from /127.0.0.1:42751
[2014-01-11 13:54:07,966][INFO][treemud.server] Account logout of penguin2774 from /127.0.0.1:42751
[2014-01-11 13:54:07,966][INFO][treemud.server] User disconnected from /127.0.0.1:42751.
[2014-01-11 13:54:07,966][INFO][treemud.server] User /127.0.0.1:42751 dismissed.
[2014-01-11 13:54:07,993][INFO][treemud.server] User connected from /127.0.0.1:42828.
[2014-01-11 13:54:23,160][INFO][treemud.server] Account Login of penguin2774 from /127.0.0.1:42828
[2014-01-11 13:54:24,989][INFO][treemud.server] Character login Riecon from /127.0.0.1:42828
[2014-01-11 13:54:30,507][ERROR][treemud.command.prompt] An error occured for Riecon who typed 'get acorn'.
java.lang.RuntimeException: obj is not in the same place as ch
[2014-01-11 14:44:53,728][INFO][treemud.server] Character logout of Riecon from /127.0.0.1:42828
[2014-01-11 14:44:53,728][INFO][treemud.server] Account logout of penguin2774 from /127.0.0.1:42828
[2014-01-11 14:44:53,728][INFO][treemud.server] User /127.0.0.1:42828 dismissed.
[2014-01-11 14:45:00,137][INFO][treemud.server] User connected from /127.0.0.1:43093.
[2014-01-11 14:45:14,994][INFO][treemud.server] Account Login of penguin2774 from /127.0.0.1:43093
[2014-01-11 14:45:16,640][INFO][treemud.server] Character login Riecon from /127.0.0.1:43093
[2014-01-11 14:59:15,069][INFO][treemud.server] User connected from /127.0.0.1:43130.
[2014-01-11 14:59:23,666][INFO][treemud.server] Account Login of penguin2774 from /127.0.0.1:43130
[2014-01-11 14:59:25,320][INFO][treemud.server] Character login Riecon from /127.0.0.1:43130
[2014-01-12 03:54:45,291][INFO][treemud.server] User connected from /127.0.0.1:58502.
[2014-01-12 03:55:46,184][INFO][treemud.server] Account Login of penguin2774 from /127.0.0.1:58502
[2014-01-12 03:55:48,452][INFO][treemud.server] Character login Riecon from /127.0.0.1:58502
[2014-01-12 04:33:04,312][INFO][treemud.server] Character logout of Riecon from /127.0.0.1:58502
[2014-01-12 04:33:04,312][INFO][treemud.server] Account logout of penguin2774 from /127.0.0.1:58502
[2014-01-12 04:33:04,312][INFO][treemud.server] User disconnected from /127.0.0.1:58502.
[2014-01-12 04:33:04,312][INFO][treemud.server] User /127.0.0.1:58502 dismissed.
[2014-01-12 13:35:05,509][INFO][treemud.server] User connected from /127.0.0.1:52654.
[2014-01-12 13:35:12,503][INFO][treemud.server] Account Login of penguin2774 from /127.0.0.1:52654
[2014-01-12 13:35:14,698][INFO][treemud.server] Character login Riecon from /127.0.0.1:52654
[2014-01-12 13:46:56,984][ERROR][treemud.command.prompt] An error occured for Riecon who typed 'get leaf'.
java.lang.RuntimeException: obj is not in the same place as ch
[2014-01-12 14:09:20,429][INFO][treemud.server] Character logout of Riecon from /127.0.0.1:52654
[2014-01-12 14:09:20,430][INFO][treemud.server] Account logout of penguin2774 from /127.0.0.1:52654
[2014-01-12 14:09:20,430][INFO][treemud.server] User /127.0.0.1:52654 dismissed.
[2014-01-12 14:10:36,837][INFO][treemud.server] User connected from /127.0.0.1:52711.
[2014-01-12 14:10:44,466][INFO][treemud.server] Account Login of penguin2774 from /127.0.0.1:52711
[2014-01-12 14:10:45,649][INFO][treemud.server] Character login Riecon from /127.0.0.1:52711
[2014-01-12 14:26:34,283][INFO][treemud.server] Character logout of Riecon from /127.0.0.1:52711
[2014-01-12 14:26:34,284][INFO][treemud.server] Account logout of penguin2774 from /127.0.0.1:52711
[2014-01-12 14:26:34,284][INFO][treemud.server] User /127.0.0.1:52711 dismissed.
[2014-01-12 14:26:50,691][INFO][treemud.server] User connected from /127.0.0.1:52728.
[2014-01-12 14:26:56,143][INFO][treemud.server] Account Login of penguin2774 from /127.0.0.1:52728
[2014-01-12 14:26:57,451][INFO][treemud.server] Character login Riecon from /127.0.0.1:52728
[2014-01-14 13:37:24,637][INFO][treemud.server] User connected from /127.0.0.1:48808.
[2014-01-14 13:37:32,134][INFO][treemud.server] Account Login of penguin2774 from /127.0.0.1:48808
[2014-01-14 13:38:11,722][INFO][treemud.server] Account logout of penguin2774 from /127.0.0.1:48808
[2014-01-14 13:38:11,723][FATAL][treemud.server] User /127.0.0.1:48808 booted by uncought exception.
java.lang.IllegalArgumentException: Don't know how to create ISeq from: clojure.lang.Ref
	at clojure.lang.RT.seqFrom(RT.java:505)
	at clojure.lang.RT.seq(RT.java:486)
	at clojure.lang.RT.first(RT.java:578)
	at clojure.core$first.invoke(core.clj:55)
	at treemud.server$user_socket.invoke(server.clj:98)
	at clojure.lang.AFn.applyToHelper(AFn.java:167)
	at clojure.lang.AFn.applyTo(AFn.java:151)
	at clojure.core$apply.invoke(core.clj:617)
	at rielib.utils$launch_thread$fn__1651$fn__1653.invoke(utils.clj:212)
	at rielib.utils$launch_thread$fn__1651.invoke(utils.clj:212)
	at clojure.lang.AFn.run(AFn.java:24)
	at java.lang.Thread.run(Thread.java:744)
[2014-01-14 13:38:11,726][INFO][treemud.server] User /127.0.0.1:48808 dismissed.
[2014-01-14 13:38:22,786][INFO][treemud.server] User connected from /127.0.0.1:48811.
[2014-01-14 13:38:28,145][INFO][treemud.server] Account Login of penguin2774 from /127.0.0.1:48811
[2014-01-14 13:38:30,433][INFO][treemud.server] Account logout of penguin2774 from /127.0.0.1:48811
[2014-01-14 13:38:30,433][FATAL][treemud.server] User /127.0.0.1:48811 booted by uncought exception.
java.lang.IllegalArgumentException: Don't know how to create ISeq from: clojure.lang.Ref
	at clojure.lang.RT.seqFrom(RT.java:505)
	at clojure.lang.RT.seq(RT.java:486)
	at clojure.lang.RT.first(RT.java:578)
	at clojure.core$first.invoke(core.clj:55)
	at treemud.server$user_socket.invoke(server.clj:98)
	at clojure.lang.AFn.applyToHelper(AFn.java:167)
	at clojure.lang.AFn.applyTo(AFn.java:151)
	at clojure.core$apply.invoke(core.clj:617)
	at rielib.utils$launch_thread$fn__1651$fn__1653.invoke(utils.clj:212)
	at rielib.utils$launch_thread$fn__1651.invoke(utils.clj:212)
	at clojure.lang.AFn.run(AFn.java:24)
	at java.lang.Thread.run(Thread.java:744)
[2014-01-14 13:38:30,434][INFO][treemud.server] User /127.0.0.1:48811 dismissed.
[2014-01-14 13:44:09,362][INFO][treemud.server] User connected from /127.0.0.1:48829.
[2014-01-14 13:44:14,608][INFO][treemud.server] Account Login of penguin2774 from /127.0.0.1:48829
[2014-01-14 13:44:15,589][INFO][treemud.server] Account logout of penguin2774 from /127.0.0.1:48829
[2014-01-14 13:44:15,589][FATAL][treemud.server] User /127.0.0.1:48829 booted by uncought exception.
java.lang.ClassCastException: clojure.lang.PersistentVector cannot be cast to java.util.concurrent.Future
	at clojure.core$deref_future.invoke(core.clj:2108)
	at clojure.core$deref.invoke(core.clj:2129)
	at treemud.account.manage$format_pc_table$iter__2947__2951$fn__2952.invoke(manage.clj:64)
	at clojure.lang.LazySeq.sval(LazySeq.java:42)
	at clojure.lang.LazySeq.seq(LazySeq.java:60)
	at clojure.lang.RT.seq(RT.java:484)
	at clojure.core$seq.invoke(core.clj:133)
	at clojure.core.protocols$seq_reduce.invoke(protocols.clj:26)
	at clojure.core.protocols$fn__6026.invoke(protocols.clj:53)
	at clojure.core.protocols$fn__5979$G__5974__5992.invoke(protocols.clj:13)
	at clojure.core$reduce.invoke(core.clj:6175)
	at treemud.account.manage$format_pc_table.invoke(manage.clj:62)
	at treemud.account.manage$select_character.invoke(manage.clj:75)
	at treemud.account.manage$manage_account.invoke(manage.clj:172)
	at treemud.account$manage.invoke(account.clj:60)
	at treemud.server$user_socket.invoke(server.clj:97)
	at clojure.lang.AFn.applyToHelper(AFn.java:167)
	at clojure.lang.AFn.applyTo(AFn.java:151)
	at clojure.core$apply.invoke(core.clj:617)
	at rielib.utils$launch_thread$fn__1651$fn__1653.invoke(utils.clj:212)
	at rielib.utils$launch_thread$fn__1651.invoke(utils.clj:212)
	at clojure.lang.AFn.run(AFn.java:24)
	at java.lang.Thread.run(Thread.java:744)
[2014-01-14 13:44:15,590][INFO][treemud.server] User /127.0.0.1:48829 dismissed.
[2014-01-14 13:45:34,517][INFO][treemud.server] User connected from /127.0.0.1:48833.
[2014-01-14 13:45:40,490][INFO][treemud.server] Account Login of penguin2774 from /127.0.0.1:48833
[2014-01-14 13:45:41,966][INFO][treemud.server] Account logout of penguin2774 from /127.0.0.1:48833
[2014-01-14 13:45:41,966][FATAL][treemud.server] User /127.0.0.1:48833 booted by uncought exception.
java.lang.ClassCastException: clojure.lang.PersistentHashMap cannot be cast to java.util.concurrent.Future
	at clojure.core$deref_future.invoke(core.clj:2108)
	at clojure.core$deref.invoke(core.clj:2129)
	at treemud.account.manage$format_pc_table$iter__3095__3099$fn__3100.invoke(form-init6031600612587728067.clj:10)
	at clojure.lang.LazySeq.sval(LazySeq.java:42)
	at clojure.lang.LazySeq.seq(LazySeq.java:60)
	at clojure.lang.RT.seq(RT.java:484)
	at clojure.core$seq.invoke(core.clj:133)
	at clojure.core.protocols$seq_reduce.invoke(protocols.clj:26)
	at clojure.core.protocols$fn__6026.invoke(protocols.clj:53)
	at clojure.core.protocols$fn__5979$G__5974__5992.invoke(protocols.clj:13)
	at clojure.core$reduce.invoke(core.clj:6175)
	at treemud.account.manage$format_pc_table.invoke(form-init6031600612587728067.clj:7)
	at treemud.account.manage$select_character.invoke(manage.clj:75)
	at treemud.account.manage$manage_account.invoke(manage.clj:172)
	at treemud.account$manage.invoke(account.clj:60)
	at treemud.server$user_socket.invoke(server.clj:97)
	at clojure.lang.AFn.applyToHelper(AFn.java:167)
	at clojure.lang.AFn.applyTo(AFn.java:151)
	at clojure.core$apply.invoke(core.clj:617)
	at rielib.utils$launch_thread$fn__1651$fn__1653.invoke(utils.clj:212)
	at rielib.utils$launch_thread$fn__1651.invoke(utils.clj:212)
	at clojure.lang.AFn.run(AFn.java:24)
	at java.lang.Thread.run(Thread.java:744)
[2014-01-14 13:45:41,966][INFO][treemud.server] User /127.0.0.1:48833 dismissed.
[2014-01-14 13:46:06,895][INFO][treemud.server] User connected from /127.0.0.1:48835.
[2014-01-14 13:46:10,549][INFO][treemud.server] Account Login of penguin2774 from /127.0.0.1:48835
[2014-01-14 13:46:12,604][INFO][treemud.server] Character login Riecon from /127.0.0.1:48835
[2014-01-14 13:46:16,860][ERROR][treemud.command.prompt] An error occured for Riecon who typed 'inv'.
java.lang.NullPointerException
	at clojure.core$deref_future.invoke(core.clj:2108)
	at clojure.core$deref.invoke(core.clj:2129)
	at treemud.world$to_obj.invoke(world.clj:69)
	at treemud.world.object$short.invoke(object.clj:42)
	at treemud.command.inventory$eval2540$fn__2318__auto____2541$fn__2542.invoke(inventory.clj:88)
	at clojure.core$map$fn__4207.invoke(core.clj:2487)
	at clojure.lang.LazySeq.sval(LazySeq.java:42)
	at clojure.lang.LazySeq.seq(LazySeq.java:60)
	at clojure.lang.RT.seq(RT.java:484)
	at clojure.core$seq.invoke(core.clj:133)
	at clojure.core$interleave$fn__4525.invoke(core.clj:3901)
	at clojure.lang.LazySeq.sval(LazySeq.java:42)
	at clojure.lang.LazySeq.seq(LazySeq.java:60)
	at clojure.lang.RT.seq(RT.java:484)
	at clojure.core$seq.invoke(core.clj:133)
	at clojure.core$drop$step__4240.invoke(core.clj:2574)
	at clojure.core$drop$fn__4243.invoke(core.clj:2578)
	at clojure.lang.LazySeq.sval(LazySeq.java:42)
	at clojure.lang.LazySeq.seq(LazySeq.java:60)
	at clojure.lang.RT.seq(RT.java:484)
	at clojure.core$seq.invoke(core.clj:133)
	at clojure.core$apply.invoke(core.clj:617)
	at treemud.command.inventory$eval2540$fn__2318__auto____2541.invoke(inventory.clj:89)
	at clojure.lang.AFn.applyToHelper(AFn.java:163)
	at clojure.lang.AFn.applyTo(AFn.java:151)
	at clojure.core$apply.invoke(core.clj:621)
	at treemud.event.soul$eval1919$pc_soul__1920.doInvoke(soul.clj:21)
	at clojure.lang.RestFn.invoke(RestFn.java:445)
	at clojure.lang.AFn.applyToHelper(AFn.java:167)
	at clojure.lang.RestFn.applyTo(RestFn.java:132)
	at clojure.core$apply.invoke(core.clj:623)
	at treemud.event$act$fn__2297.invoke(event.clj:45)
	at clojure.lang.AFn.applyToHelper(AFn.java:159)
	at clojure.lang.AFn.applyTo(AFn.java:151)
	at clojure.core$apply.invoke(core.clj:617)
	at clojure.core$with_bindings_STAR_.doInvoke(core.clj:1788)
	at clojure.lang.RestFn.invoke(RestFn.java:425)
	at treemud.event$act.doInvoke(event.clj:43)
	at clojure.lang.RestFn.invoke(RestFn.java:445)
	at treemud.act.inventory$examin.invoke(inventory.clj:63)
	at treemud.command.inventory$do_inventory.invoke(inventory.clj:53)
	at clojure.lang.AFn.applyToHelper(AFn.java:163)
	at clojure.lang.AFn.applyTo(AFn.java:151)
	at clojure.core$apply.invoke(core.clj:619)
	at treemud.command.prompt$run_command.invoke(prompt.clj:29)
	at treemud.command.prompt$command_prompt$fn__2560.invoke(prompt.clj:45)
	at treemud.command.prompt$command_prompt.invoke(prompt.clj:44)
	at treemud.command$prompt.invoke(command.clj:24)
	at treemud.server$user_socket.invoke(server.clj:104)
	at clojure.lang.AFn.applyToHelper(AFn.java:167)
	at clojure.lang.AFn.applyTo(AFn.java:151)
	at clojure.core$apply.invoke(core.clj:617)
	at rielib.utils$launch_thread$fn__1651$fn__1653.invoke(utils.clj:212)
	at rielib.utils$launch_thread$fn__1651.invoke(utils.clj:212)
	at clojure.lang.AFn.run(AFn.java:24)
	at java.lang.Thread.run(Thread.java:744)
[2014-01-14 13:48:39,135][INFO][treemud.server] Account logout of penguin2774 from /127.0.0.1:48835
[2014-01-14 13:48:39,135][FATAL][treemud.server] User /127.0.0.1:48835 booted by uncought exception.
java.lang.NullPointerException
	at clojure.core$deref_future.invoke(core.clj:2108)
	at clojure.core$deref.invoke(core.clj:2129)
	at treemud.world$to_obj.invoke(world.clj:69)
	at treemud.world$contents_set$iter__1993__1997$fn__1998.invoke(world.clj:149)
	at clojure.lang.LazySeq.sval(LazySeq.java:42)
	at clojure.lang.LazySeq.seq(LazySeq.java:60)
	at clojure.lang.Cons.next(Cons.java:39)
	at clojure.lang.RT.boundedLength(RT.java:1654)
	at clojure.lang.RestFn.applyTo(RestFn.java:130)
	at clojure.core$apply.invoke(core.clj:619)
	at treemud.world$contents_set.invoke(world.clj:148)
	at treemud.world$contents_set.invoke(world.clj:144)
	at treemud.world$leave$fn__2018.invoke(world.clj:176)
	at clojure.lang.AFn.call(AFn.java:18)
	at clojure.lang.LockingTransaction.run(LockingTransaction.java:263)
	at clojure.lang.LockingTransaction.runInTransaction(LockingTransaction.java:231)
	at treemud.world$leave.invoke(world.clj:174)
	at treemud.server$user_socket.invoke(server.clj:106)
	at clojure.lang.AFn.applyToHelper(AFn.java:167)
	at clojure.lang.AFn.applyTo(AFn.java:151)
	at clojure.core$apply.invoke(core.clj:617)
	at rielib.utils$launch_thread$fn__1651$fn__1653.invoke(utils.clj:212)
	at rielib.utils$launch_thread$fn__1651.invoke(utils.clj:212)
	at clojure.lang.AFn.run(AFn.java:24)
	at java.lang.Thread.run(Thread.java:744)
[2014-01-14 13:48:39,135][INFO][treemud.server] User /127.0.0.1:48835 dismissed.
[2014-01-14 13:48:41,720][INFO][treemud.server] User connected from /127.0.0.1:48842.
[2014-01-14 13:48:52,862][INFO][treemud.server] Account Login of penguin2774 from /127.0.0.1:48842
[2014-01-14 13:48:54,340][INFO][treemud.server] Character login Riecon from /127.0.0.1:48842
[2014-01-14 13:48:56,988][ERROR][treemud.command.prompt] An error occured for Riecon who typed 'inv'.
java.lang.NullPointerException
	at clojure.core$deref_future.invoke(core.clj:2108)
	at clojure.core$deref.invoke(core.clj:2129)
	at treemud.world$to_obj.invoke(world.clj:69)
	at treemud.world.object$short.invoke(object.clj:42)
	at treemud.command.inventory$eval2540$fn__2318__auto____2541$fn__2542.invoke(inventory.clj:88)
	at clojure.core$map$fn__4207.invoke(core.clj:2487)
	at clojure.lang.LazySeq.sval(LazySeq.java:42)
	at clojure.lang.LazySeq.seq(LazySeq.java:60)
	at clojure.lang.RT.seq(RT.java:484)
	at clojure.core$seq.invoke(core.clj:133)
	at clojure.core$interleave$fn__4525.invoke(core.clj:3901)
	at clojure.lang.LazySeq.sval(LazySeq.java:42)
	at clojure.lang.LazySeq.seq(LazySeq.java:60)
	at clojure.lang.RT.seq(RT.java:484)
	at clojure.core$seq.invoke(core.clj:133)
	at clojure.core$drop$step__4240.invoke(core.clj:2574)
	at clojure.core$drop$fn__4243.invoke(core.clj:2578)
	at clojure.lang.LazySeq.sval(LazySeq.java:42)
	at clojure.lang.LazySeq.seq(LazySeq.java:60)
	at clojure.lang.RT.seq(RT.java:484)
	at clojure.core$seq.invoke(core.clj:133)
	at clojure.core$apply.invoke(core.clj:617)
	at treemud.command.inventory$eval2540$fn__2318__auto____2541.invoke(inventory.clj:89)
	at clojure.lang.AFn.applyToHelper(AFn.java:163)
	at clojure.lang.AFn.applyTo(AFn.java:151)
	at clojure.core$apply.invoke(core.clj:621)
	at treemud.event.soul$eval1919$pc_soul__1920.doInvoke(soul.clj:21)
	at clojure.lang.RestFn.invoke(RestFn.java:445)
	at clojure.lang.AFn.applyToHelper(AFn.java:167)
	at clojure.lang.RestFn.applyTo(RestFn.java:132)
	at clojure.core$apply.invoke(core.clj:623)
	at treemud.event$act$fn__2297.invoke(event.clj:45)
	at clojure.lang.AFn.applyToHelper(AFn.java:159)
	at clojure.lang.AFn.applyTo(AFn.java:151)
	at clojure.core$apply.invoke(core.clj:617)
	at clojure.core$with_bindings_STAR_.doInvoke(core.clj:1788)
	at clojure.lang.RestFn.invoke(RestFn.java:425)
	at treemud.event$act.doInvoke(event.clj:43)
	at clojure.lang.RestFn.invoke(RestFn.java:445)
	at treemud.act.inventory$examin.invoke(inventory.clj:63)
	at treemud.command.inventory$do_inventory.invoke(inventory.clj:53)
	at clojure.lang.AFn.applyToHelper(AFn.java:163)
	at clojure.lang.AFn.applyTo(AFn.java:151)
	at clojure.core$apply.invoke(core.clj:619)
	at treemud.command.prompt$run_command.invoke(prompt.clj:29)
	at treemud.command.prompt$command_prompt$fn__2560.invoke(prompt.clj:45)
	at treemud.command.prompt$command_prompt.invoke(prompt.clj:44)
	at treemud.command$prompt.invoke(command.clj:24)
	at treemud.server$user_socket.invoke(server.clj:104)
	at clojure.lang.AFn.applyToHelper(AFn.java:167)
	at clojure.lang.AFn.applyTo(AFn.java:151)
	at clojure.core$apply.invoke(core.clj:617)
	at rielib.utils$launch_thread$fn__1651$fn__1653.invoke(utils.clj:212)
	at rielib.utils$launch_thread$fn__1651.invoke(utils.clj:212)
	at clojure.lang.AFn.run(AFn.java:24)
	at java.lang.Thread.run(Thread.java:744)
[2014-01-14 14:15:53,879][INFO][treemud.server] Account logout of penguin2774 from /127.0.0.1:48842
[2014-01-14 14:15:53,879][FATAL][treemud.server] User /127.0.0.1:48842 booted by uncought exception.
java.lang.NullPointerException
	at clojure.core$deref_future.invoke(core.clj:2108)
	at clojure.core$deref.invoke(core.clj:2129)
	at treemud.world$to_obj.invoke(world.clj:69)
	at treemud.world$contents_set$iter__3300__3304$fn__3305.invoke(world.clj:149)
	at clojure.lang.LazySeq.sval(LazySeq.java:42)
	at clojure.lang.LazySeq.seq(LazySeq.java:60)
	at clojure.lang.Cons.next(Cons.java:39)
	at clojure.lang.RT.boundedLength(RT.java:1654)
	at clojure.lang.RestFn.applyTo(RestFn.java:130)
	at clojure.core$apply.invoke(core.clj:619)
	at treemud.world$contents_set.invoke(world.clj:148)
	at treemud.world$contents_set.invoke(world.clj:144)
	at treemud.world$leave$fn__3325.invoke(world.clj:176)
	at clojure.lang.AFn.call(AFn.java:18)
	at clojure.lang.LockingTransaction.run(LockingTransaction.java:263)
	at clojure.lang.LockingTransaction.runInTransaction(LockingTransaction.java:231)
	at treemud.world$leave.invoke(world.clj:174)
	at treemud.server$user_socket.invoke(server.clj:106)
	at clojure.lang.AFn.applyToHelper(AFn.java:167)
	at clojure.lang.AFn.applyTo(AFn.java:151)
	at clojure.core$apply.invoke(core.clj:617)
	at rielib.utils$launch_thread$fn__1651$fn__1653.invoke(utils.clj:212)
	at rielib.utils$launch_thread$fn__1651.invoke(utils.clj:212)
	at clojure.lang.AFn.run(AFn.java:24)
	at java.lang.Thread.run(Thread.java:744)
[2014-01-14 14:15:53,879][INFO][treemud.server] User /127.0.0.1:48842 dismissed.
[2014-01-14 14:15:53,895][INFO][treemud.server] User connected from /127.0.0.1:48909.
[2014-01-14 14:16:18,493][INFO][treemud.server] Account Login of penguin2774 from /127.0.0.1:48909
[2014-01-14 14:16:19,787][INFO][treemud.server] Character login Riecon from /127.0.0.1:48909
[2014-01-14 14:16:19,792][INFO][treemud.server] Contents: (#<Ref@28aa0527: 
   {:type :item,
    :vname peaceful.acorn#special1,
    :name "acorn",
    :short "a tiny acorn",
    :long "A tiny acorn sits here."}>)

[2014-01-14 14:54:56,617][INFO][treemud.server] Character logout of Riecon from /127.0.0.1:48909
[2014-01-14 14:54:56,617][INFO][treemud.server] Account logout of penguin2774 from /127.0.0.1:48909
[2014-01-14 14:54:56,617][INFO][treemud.server] User /127.0.0.1:48909 dismissed.
[2014-01-14 14:55:02,498][INFO][treemud.server] User connected from /127.0.0.1:49011.
[2014-01-14 14:55:09,267][INFO][treemud.server] Account Login of penguin2774 from /127.0.0.1:49011
[2014-01-14 14:55:10,486][INFO][treemud.server] Character login Riecon from /127.0.0.1:49011
[2014-01-14 14:55:10,490][INFO][treemud.server] Contents: (#<Ref@571e82d: 
   {:location pc.Riecon,
    :type :item,
    :vname peaceful.acorn#special1,
    :name "acorn",
    :short "a tiny acorn",
    :long "A tiny acorn sits here."}>)

[2014-01-14 18:43:21,719][ERROR][treemud.command.prompt] An error occured for Riecon who typed 'save'.
clojure.lang.ArityException: Wrong number of args (2) passed to: file$save-pc
	at clojure.lang.AFn.throwArity(AFn.java:437)
	at clojure.lang.AFn.invoke(AFn.java:43)
	at treemud.command.basic$do_save.invoke(basic.clj:21)
	at clojure.lang.AFn.applyToHelper(AFn.java:163)
	at clojure.lang.AFn.applyTo(AFn.java:151)
	at clojure.core$apply.invoke(core.clj:619)
	at treemud.command.prompt$run_command.invoke(prompt.clj:29)
	at treemud.command.prompt$command_prompt$fn__2560.invoke(prompt.clj:45)
	at treemud.command.prompt$command_prompt.invoke(prompt.clj:44)
	at treemud.command$prompt.invoke(command.clj:24)
	at treemud.server$user_socket.invoke(server.clj:106)
	at clojure.lang.AFn.applyToHelper(AFn.java:167)
	at clojure.lang.AFn.applyTo(AFn.java:151)
	at clojure.core$apply.invoke(core.clj:617)
	at rielib.utils$launch_thread$fn__1651$fn__1653.invoke(utils.clj:212)
	at rielib.utils$launch_thread$fn__1651.invoke(utils.clj:212)
	at clojure.lang.AFn.run(AFn.java:24)
	at java.lang.Thread.run(Thread.java:744)
[2014-01-14 18:50:39,298][INFO][treemud.server] Character logout of Riecon from /127.0.0.1:49011
[2014-01-14 18:50:39,298][INFO][treemud.server] Account logout of penguin2774 from /127.0.0.1:49011
[2014-01-14 18:50:39,298][INFO][treemud.server] User /127.0.0.1:49011 dismissed.
[2014-01-14 18:50:52,706][INFO][treemud.server] User connected from /127.0.0.1:49253.
[2014-01-14 18:50:59,345][INFO][treemud.server] Account Login of penguin2774 from /127.0.0.1:49253
[2014-01-14 18:51:00,446][INFO][treemud.server] Account logout of penguin2774 from /127.0.0.1:49253
[2014-01-14 18:51:00,446][FATAL][treemud.server] User /127.0.0.1:49253 booted by uncought exception.
java.lang.RuntimeException: Unreadable form
	at clojure.lang.Util.runtimeException(Util.java:219)
	at clojure.lang.LispReader$UnreadableReader.invoke(LispReader.java:1116)
	at clojure.lang.LispReader$DispatchReader.invoke(LispReader.java:626)
	at clojure.lang.LispReader.read(LispReader.java:185)
	at clojure.core$read.invoke(core.clj:3407)
	at clojure.core$read.invoke(core.clj:3405)
	at treemud.account.file$load_pc$fn__5226.invoke(file.clj:63)
	at treemud.account.file$load_pc.invoke(file.clj:61)
	at treemud.account.file$load_pcs$fn__5230.invoke(file.clj:76)
	at clojure.core.protocols$fn__6034.invoke(protocols.clj:143)
	at clojure.core.protocols$fn__6005$G__6000__6014.invoke(protocols.clj:19)
	at clojure.core.protocols$seq_reduce.invoke(protocols.clj:31)
	at clojure.core.protocols$fn__6026.invoke(protocols.clj:54)
	at clojure.core.protocols$fn__5979$G__5974__5992.invoke(protocols.clj:13)
	at clojure.core$reduce.invoke(core.clj:6177)
	at treemud.account.file$load_pcs.invoke(file.clj:79)
	at treemud.account.manage$select_character.invoke(manage.clj:71)
	at treemud.account.manage$manage_account.invoke(manage.clj:173)
	at treemud.account$manage.invoke(account.clj:60)
	at treemud.server$user_socket.invoke(server.clj:97)
	at clojure.lang.AFn.applyToHelper(AFn.java:167)
	at clojure.lang.AFn.applyTo(AFn.java:151)
	at clojure.core$apply.invoke(core.clj:617)
	at rielib.utils$launch_thread$fn__1651$fn__1653.invoke(utils.clj:212)
	at rielib.utils$launch_thread$fn__1651.invoke(utils.clj:212)
	at clojure.lang.AFn.run(AFn.java:24)
	at java.lang.Thread.run(Thread.java:744)
[2014-01-14 18:51:00,446][INFO][treemud.server] User /127.0.0.1:49253 dismissed.
[2014-01-14 18:52:59,454][INFO][treemud.server] User connected from /127.0.0.1:49258.
[2014-01-14 18:53:08,129][INFO][treemud.server] Account Login of penguin2774 from /127.0.0.1:49258
[2014-01-14 18:53:10,085][INFO][treemud.server] Character login Riecon from /127.0.0.1:49258
[2014-01-14 18:53:10,089][INFO][treemud.server] Contents: (#<Ref@138bd16f: 
   {:location pc.Riecon,
    :type :item,
    :vname peaceful.acorn#special1,
    :name "acorn",
    :short "a tiny acorn",
    :long "A tiny acorn sits here."}>)

[2014-01-14 18:53:15,688][INFO][treemud.server] Character logout of Riecon from /127.0.0.1:49258
[2014-01-14 18:53:15,688][INFO][treemud.server] Account logout of penguin2774 from /127.0.0.1:49258
[2014-01-14 18:53:15,689][INFO][treemud.server] User /127.0.0.1:49258 dismissed.
[2014-01-14 18:53:19,880][INFO][treemud.server] User connected from /127.0.0.1:49260.
[2014-01-14 18:53:26,248][INFO][treemud.server] Account Login of penguin2774 from /127.0.0.1:49260
[2014-01-14 18:53:28,090][INFO][treemud.server] Character login Riecon from /127.0.0.1:49260
[2014-01-14 18:53:28,094][INFO][treemud.server] Contents: (#<Ref@2a30aa7d: 
   {:location pc.Riecon,
    :type :item,
    :vname peaceful.acorn#special1,
    :name "acorn",
    :short "a tiny acorn",
    :long "A tiny acorn sits here."}>)

[2014-01-14 18:53:39,111][INFO][treemud.server] Character logout of Riecon from /127.0.0.1:49260
[2014-01-14 18:53:39,111][INFO][treemud.server] Account logout of penguin2774 from /127.0.0.1:49260
[2014-01-14 18:53:39,111][INFO][treemud.server] User /127.0.0.1:49260 dismissed.
[2014-01-14 18:53:43,906][INFO][treemud.server] User connected from /127.0.0.1:49262.
[2014-01-14 18:53:50,645][INFO][treemud.server] Account Login of penguin2774 from /127.0.0.1:49262
[2014-01-14 18:53:51,913][INFO][treemud.server] Character login Riecon from /127.0.0.1:49262
[2014-01-14 18:53:51,920][INFO][treemud.server] Contents: (#<Ref@65bc21af: 
   {:type :item,
    :vname peaceful.acorn#b269b1f1-c630-4e50-ad11-b10eb44f2e04,
    :name "acorn",
    :short "a tiny acorn",
    :long "A tiny acorn sits here.",
    :location pc.Riecon}>
 #<Ref@22479c57: 
   {:location pc.Riecon,
    :type :item,
    :vname peaceful.acorn#special1,
    :name "acorn",
    :short "a tiny acorn",
    :long "A tiny acorn sits here."}>)

